<?xml version="1.0" encoding="UTF-8"?>
<testsuite name="edu.uc.eh.PlnPortalApplicationTests" tests="2" skipped="0" failures="0" errors="0" timestamp="2016-12-09T20:45:57" hostname="behrouz-Inspiron-N5110" time="0.073">
  <properties/>
  <testcase name="UtilsFormatTest" classname="edu.uc.eh.PlnPortalApplicationTests" time="0.065"/>
  <testcase name="contextLoads" classname="edu.uc.eh.PlnPortalApplicationTests" time="0.0"/>
  <system-out><![CDATA[15:45:38.098 [Test worker] DEBUG o.s.t.c.j.SpringJUnit4ClassRunner - SpringJUnit4ClassRunner constructor called with [class edu.uc.eh.PlnPortalApplicationTests]
15:45:38.400 [Test worker] DEBUG o.s.test.context.BootstrapUtils - Instantiating TestContextBootstrapper from class [org.springframework.test.context.web.WebTestContextBootstrapper]
15:45:38.455 [Test worker] DEBUG o.s.t.c.w.WebTestContextBootstrapper - Found explicit ContextLoader class [org.springframework.boot.test.SpringApplicationContextLoader] for context configuration attributes [ContextConfigurationAttributes@43d585b0 declaringClass = 'edu.uc.eh.PlnPortalApplicationTests', classes = '{class edu.uc.eh.Application}', locations = '{}', inheritLocations = true, initializers = '{}', inheritInitializers = true, name = [null], contextLoaderClass = 'org.springframework.boot.test.SpringApplicationContextLoader']
15:45:38.608 [Test worker] DEBUG o.s.t.c.support.ActiveProfilesUtils - Could not find an 'annotation declaring class' for annotation type [org.springframework.test.context.ActiveProfiles] and class [edu.uc.eh.PlnPortalApplicationTests]
15:45:38.781 [Test worker] DEBUG o.s.t.c.w.WebTestContextBootstrapper - @TestExecutionListeners is not present for class [edu.uc.eh.PlnPortalApplicationTests]: using defaults.
15:45:39.369 [Test worker] INFO  o.s.t.c.w.WebTestContextBootstrapper - Loaded default TestExecutionListener class names from location [META-INF/spring.factories]: [org.springframework.test.context.web.ServletTestExecutionListener, org.springframework.test.context.support.DependencyInjectionTestExecutionListener, org.springframework.test.context.support.DirtiesContextTestExecutionListener, org.springframework.test.context.transaction.TransactionalTestExecutionListener, org.springframework.test.context.jdbc.SqlScriptsTestExecutionListener]
15:45:39.378 [Test worker] INFO  o.s.t.c.w.WebTestContextBootstrapper - Could not instantiate TestExecutionListener [org.springframework.test.context.transaction.TransactionalTestExecutionListener]. Specify custom listener classes or make the default listener classes (and their required dependencies) available. Offending class: [org/springframework/transaction/TransactionDefinition]
15:45:39.380 [Test worker] INFO  o.s.t.c.w.WebTestContextBootstrapper - Could not instantiate TestExecutionListener [org.springframework.test.context.jdbc.SqlScriptsTestExecutionListener]. Specify custom listener classes or make the default listener classes (and their required dependencies) available. Offending class: [org/springframework/transaction/interceptor/TransactionAttribute]
15:45:39.382 [Test worker] INFO  o.s.t.c.w.WebTestContextBootstrapper - Using TestExecutionListeners: [org.springframework.test.context.web.ServletTestExecutionListener@2eedf2a8, org.springframework.test.context.support.DependencyInjectionTestExecutionListener@78941cec, org.springframework.test.context.support.DirtiesContextTestExecutionListener@5047cd6a]
15:45:39.387 [Test worker] DEBUG o.s.t.annotation.ProfileValueUtils - Retrieved @ProfileValueSourceConfiguration [null] for test class [edu.uc.eh.PlnPortalApplicationTests]
15:45:39.388 [Test worker] DEBUG o.s.t.annotation.ProfileValueUtils - Retrieved ProfileValueSource type [class org.springframework.test.annotation.SystemProfileValueSource] for class [edu.uc.eh.PlnPortalApplicationTests]
15:45:39.389 [Test worker] DEBUG o.s.t.annotation.ProfileValueUtils - Retrieved @ProfileValueSourceConfiguration [null] for test class [edu.uc.eh.PlnPortalApplicationTests]
15:45:39.389 [Test worker] DEBUG o.s.t.annotation.ProfileValueUtils - Retrieved ProfileValueSource type [class org.springframework.test.annotation.SystemProfileValueSource] for class [edu.uc.eh.PlnPortalApplicationTests]
15:45:39.450 [Test worker] DEBUG o.s.t.annotation.ProfileValueUtils - Retrieved @ProfileValueSourceConfiguration [null] for test class [edu.uc.eh.PlnPortalApplicationTests]
15:45:39.450 [Test worker] DEBUG o.s.t.annotation.ProfileValueUtils - Retrieved ProfileValueSource type [class org.springframework.test.annotation.SystemProfileValueSource] for class [edu.uc.eh.PlnPortalApplicationTests]
15:45:40.454 [Test worker] DEBUG o.s.core.env.StandardEnvironment - Adding [systemProperties] PropertySource with lowest search precedence
15:45:40.457 [Test worker] DEBUG o.s.core.env.StandardEnvironment - Adding [systemEnvironment] PropertySource with lowest search precedence
15:45:40.457 [Test worker] DEBUG o.s.core.env.StandardEnvironment - Initialized StandardEnvironment with PropertySources [systemProperties,systemEnvironment]
15:45:40.499 [Test worker] DEBUG o.s.core.env.StandardEnvironment - Adding [integrationTest] PropertySource with search precedence immediately lower than [systemEnvironment]

  .   ____          _            __ _ _
 /\\ / ___'_ __ _ _(_)_ __  __ _ \ \ \ \
( ( )\___ | '_ | '_| | '_ \/ _` | \ \ \ \
 \\/  ___)| |_)| | | | | || (_| |  ) ) ) )
  '  |____| .__|_| |_|_| |_\__, | / / / /
 =========|_|==============|___/=/_/_/_/
 :: Spring Boot ::        (v1.2.7.RELEASE)

2016-12-09 15:45:44.145  INFO 17176 --- [    Test worker] edu.uc.eh.PlnPortalApplicationTests      : Starting PlnPortalApplicationTests on behrouz-Inspiron-N5110 with PID 17176 (/home/behrouz/Dropbox/PLP/build/classes/test started by behrouz in /home/behrouz/Dropbox/PLP)
2016-12-09 15:45:44.904  INFO 17176 --- [    Test worker] o.s.w.c.s.GenericWebApplicationContext   : Refreshing org.springframework.web.context.support.GenericWebApplicationContext@2a9bd4ba: startup date [Fri Dec 09 15:45:44 EST 2016]; root of context hierarchy
2016-12-09 15:45:45.715  INFO 17176 --- [    Test worker] o.s.b.f.s.DefaultListableBeanFactory     : Overriding bean definition for bean 'beanNameViewResolver': replacing [Root bean: class [null]; scope=; abstract=false; lazyInit=false; autowireMode=3; dependencyCheck=0; autowireCandidate=true; primary=false; factoryBeanName=org.springframework.boot.autoconfigure.web.ErrorMvcAutoConfiguration$WhitelabelErrorViewConfiguration; factoryMethodName=beanNameViewResolver; initMethodName=null; destroyMethodName=(inferred); defined in class path resource [org/springframework/boot/autoconfigure/web/ErrorMvcAutoConfiguration$WhitelabelErrorViewConfiguration.class]] with [Root bean: class [null]; scope=; abstract=false; lazyInit=false; autowireMode=3; dependencyCheck=0; autowireCandidate=true; primary=false; factoryBeanName=org.springframework.boot.autoconfigure.web.WebMvcAutoConfiguration$WebMvcAutoConfigurationAdapter; factoryMethodName=beanNameViewResolver; initMethodName=null; destroyMethodName=(inferred); defined in class path resource [org/springframework/boot/autoconfigure/web/WebMvcAutoConfiguration$WebMvcAutoConfigurationAdapter.class]]
2016-12-09 15:45:55.969  INFO 17176 --- [    Test worker] s.w.s.m.m.a.RequestMappingHandlerAdapter : Looking for @ControllerAdvice: org.springframework.web.context.support.GenericWebApplicationContext@2a9bd4ba: startup date [Fri Dec 09 15:45:44 EST 2016]; root of context hierarchy
2016-12-09 15:45:56.746  INFO 17176 --- [    Test worker] s.w.s.m.m.a.RequestMappingHandlerMapping : Mapped "{[/api/kinase/genes/{geneList}],methods=[GET]}" onto public org.json.simple.JSONObject edu.uc.eh.controller.RestAPI.computeNetworkForKinase(java.lang.String[])
2016-12-09 15:45:56.747  INFO 17176 --- [    Test worker] s.w.s.m.m.a.RequestMappingHandlerMapping : Mapped "{[/api/test/{notation}],methods=[GET]}" onto public java.lang.String edu.uc.eh.controller.RestAPI.parseTest(java.lang.String)
2016-12-09 15:45:56.748  INFO 17176 --- [    Test worker] s.w.s.m.m.a.RequestMappingHandlerMapping : Mapped "{[/api/uniprot/{protein}],methods=[GET]}" onto public org.json.simple.JSONObject edu.uc.eh.controller.RestAPI.getFromUniprot(java.lang.String)
2016-12-09 15:45:56.749  INFO 17176 --- [    Test worker] s.w.s.m.m.a.RequestMappingHandlerMapping : Mapped "{[/api/prosite/{peptide}],methods=[GET]}" onto public java.lang.String edu.uc.eh.controller.RestAPI.getFromProsite(java.lang.String)
2016-12-09 15:45:56.749  INFO 17176 --- [    Test worker] s.w.s.m.m.a.RequestMappingHandlerMapping : Mapped "{[/api/psimod/{modification:.+}],methods=[GET]}" onto public edu.uc.eh.structures.StringDoubleStringList edu.uc.eh.controller.RestAPI.getFromPsiMod(java.lang.String)
2016-12-09 15:45:56.749  INFO 17176 --- [    Test worker] s.w.s.m.m.a.RequestMappingHandlerMapping : Mapped "{[/api/pcg/checkgenes/{geneList}],methods=[GET]}" onto public java.util.ArrayList edu.uc.eh.controller.RestAPI.checkFromPCG(java.lang.String[])
2016-12-09 15:45:56.750  INFO 17176 --- [    Test worker] s.w.s.m.m.a.RequestMappingHandlerMapping : Mapped "{[/api/pcg/geneinfo/{genePositions}],methods=[GET]}" onto public org.json.simple.JSONArray edu.uc.eh.controller.RestAPI.getFromPCG(java.util.ArrayList<java.lang.Integer>)
2016-12-09 15:45:56.751  INFO 17176 --- [    Test worker] s.w.s.m.m.a.RequestMappingHandlerMapping : Mapped "{[/api/pathway/genes/{geneList}],methods=[GET]}" onto public org.json.simple.JSONObject edu.uc.eh.controller.RestAPI.getFromEnrichr(java.lang.String[])
2016-12-09 15:45:56.751  INFO 17176 --- [    Test worker] s.w.s.m.m.a.RequestMappingHandlerMapping : Mapped "{[/api/network/genes/{geneList}],methods=[GET]}" onto public org.json.simple.JSONObject edu.uc.eh.controller.RestAPI.computeNetworkFromEnrichr(java.lang.String[])
2016-12-09 15:45:56.754  INFO 17176 --- [    Test worker] s.w.s.m.m.a.RequestMappingHandlerMapping : Mapped "{[/error],produces=[text/html]}" onto public org.springframework.web.servlet.ModelAndView org.springframework.boot.autoconfigure.web.BasicErrorController.errorHtml(javax.servlet.http.HttpServletRequest)
2016-12-09 15:45:56.755  INFO 17176 --- [    Test worker] s.w.s.m.m.a.RequestMappingHandlerMapping : Mapped "{[/error]}" onto public org.springframework.http.ResponseEntity<java.util.Map<java.lang.String, java.lang.Object>> org.springframework.boot.autoconfigure.web.BasicErrorController.error(javax.servlet.http.HttpServletRequest)
2016-12-09 15:45:56.760  INFO 17176 --- [    Test worker] o.s.w.s.c.a.WebMvcConfigurerAdapter      : Adding welcome page: file:/home/behrouz/Dropbox/PLP/build/resources/main/static/index.html
2016-12-09 15:45:56.780  INFO 17176 --- [    Test worker] o.s.w.s.handler.SimpleUrlHandlerMapping  : Root mapping to handler of type [class org.springframework.web.servlet.mvc.ParameterizableViewController]
2016-12-09 15:45:56.794  INFO 17176 --- [    Test worker] o.s.w.s.handler.SimpleUrlHandlerMapping  : Mapped URL path [/webjars/**] onto handler of type [class org.springframework.web.servlet.resource.ResourceHttpRequestHandler]
2016-12-09 15:45:56.794  INFO 17176 --- [    Test worker] o.s.w.s.handler.SimpleUrlHandlerMapping  : Mapped URL path [/**] onto handler of type [class org.springframework.web.servlet.resource.ResourceHttpRequestHandler]
2016-12-09 15:45:56.849  INFO 17176 --- [    Test worker] o.s.w.s.handler.SimpleUrlHandlerMapping  : Mapped URL path [/**/favicon.ico] onto handler of type [class org.springframework.web.servlet.resource.ResourceHttpRequestHandler]
2016-12-09 15:45:57.675  INFO 17176 --- [    Test worker] edu.uc.eh.PlnPortalApplicationTests      : Started PlnPortalApplicationTests in 16.987 seconds (JVM running for 37.549)
]]></system-out>
  <system-err><![CDATA[]]></system-err>
</testsuite>
