<?xml version="1.0" encoding="UTF-8"?>
<testsuite name="eh3.uc.edu.LincsProteomicsLandingPageFinalApplicationTests" tests="1" skipped="0" failures="0" errors="0" timestamp="2017-05-12T19:02:10" hostname="behrouz-Inspiron-N5110" time="0.103">
  <properties/>
  <testcase name="contextLoads" classname="eh3.uc.edu.LincsProteomicsLandingPageFinalApplicationTests" time="0.103"/>
  <system-out><![CDATA[15:02:06.734 [Test worker] DEBUG org.springframework.test.context.junit4.SpringJUnit4ClassRunner - SpringJUnit4ClassRunner constructor called with [class eh3.uc.edu.LincsProteomicsLandingPageFinalApplicationTests]
15:02:06.741 [Test worker] DEBUG org.springframework.test.context.BootstrapUtils - Instantiating CacheAwareContextLoaderDelegate from class [org.springframework.test.context.cache.DefaultCacheAwareContextLoaderDelegate]
15:02:06.754 [Test worker] DEBUG org.springframework.test.context.BootstrapUtils - Instantiating BootstrapContext using constructor [public org.springframework.test.context.support.DefaultBootstrapContext(java.lang.Class,org.springframework.test.context.CacheAwareContextLoaderDelegate)]
15:02:06.794 [Test worker] DEBUG org.springframework.test.context.BootstrapUtils - Instantiating TestContextBootstrapper for test class [eh3.uc.edu.LincsProteomicsLandingPageFinalApplicationTests] from class [org.springframework.boot.test.context.SpringBootTestContextBootstrapper]
15:02:06.813 [Test worker] INFO org.springframework.boot.test.context.SpringBootTestContextBootstrapper - Neither @ContextConfiguration nor @ContextHierarchy found for test class [eh3.uc.edu.LincsProteomicsLandingPageFinalApplicationTests], using SpringBootContextLoader
15:02:06.816 [Test worker] DEBUG org.springframework.test.context.support.AbstractContextLoader - Did not detect default resource location for test class [eh3.uc.edu.LincsProteomicsLandingPageFinalApplicationTests]: class path resource [eh3/uc/edu/LincsProteomicsLandingPageFinalApplicationTests-context.xml] does not exist
15:02:06.817 [Test worker] DEBUG org.springframework.test.context.support.AbstractContextLoader - Did not detect default resource location for test class [eh3.uc.edu.LincsProteomicsLandingPageFinalApplicationTests]: class path resource [eh3/uc/edu/LincsProteomicsLandingPageFinalApplicationTestsContext.groovy] does not exist
15:02:06.817 [Test worker] INFO org.springframework.test.context.support.AbstractContextLoader - Could not detect default resource locations for test class [eh3.uc.edu.LincsProteomicsLandingPageFinalApplicationTests]: no resource found for suffixes {-context.xml, Context.groovy}.
15:02:06.818 [Test worker] INFO org.springframework.test.context.support.AnnotationConfigContextLoaderUtils - Could not detect default configuration classes for test class [eh3.uc.edu.LincsProteomicsLandingPageFinalApplicationTests]: LincsProteomicsLandingPageFinalApplicationTests does not declare any static, non-private, non-final, nested classes annotated with @Configuration.
15:02:06.876 [Test worker] DEBUG org.springframework.test.context.support.ActiveProfilesUtils - Could not find an 'annotation declaring class' for annotation type [org.springframework.test.context.ActiveProfiles] and class [eh3.uc.edu.LincsProteomicsLandingPageFinalApplicationTests]
15:02:06.887 [Test worker] DEBUG org.springframework.core.env.StandardEnvironment - Adding [systemProperties] PropertySource with lowest search precedence
15:02:06.889 [Test worker] DEBUG org.springframework.core.env.StandardEnvironment - Adding [systemEnvironment] PropertySource with lowest search precedence
15:02:06.889 [Test worker] DEBUG org.springframework.core.env.StandardEnvironment - Initialized StandardEnvironment with PropertySources [systemProperties,systemEnvironment]
15:02:06.903 [Test worker] DEBUG org.springframework.core.io.support.PathMatchingResourcePatternResolver - Resolved classpath location [eh3/uc/edu/] to resources [URL [file:/home/behrouz/Documents/coding/LINCS-Proteomics-Landing-Page/build/classes/test/eh3/uc/edu/], URL [file:/home/behrouz/Documents/coding/LINCS-Proteomics-Landing-Page/build/classes/main/eh3/uc/edu/]]
15:02:06.904 [Test worker] DEBUG org.springframework.core.io.support.PathMatchingResourcePatternResolver - Looking for matching resources in directory tree [/home/behrouz/Documents/coding/LINCS-Proteomics-Landing-Page/build/classes/test/eh3/uc/edu]
15:02:06.904 [Test worker] DEBUG org.springframework.core.io.support.PathMatchingResourcePatternResolver - Searching directory [/home/behrouz/Documents/coding/LINCS-Proteomics-Landing-Page/build/classes/test/eh3/uc/edu] for files matching pattern [/home/behrouz/Documents/coding/LINCS-Proteomics-Landing-Page/build/classes/test/eh3/uc/edu/*.class]
15:02:06.908 [Test worker] DEBUG org.springframework.core.io.support.PathMatchingResourcePatternResolver - Looking for matching resources in directory tree [/home/behrouz/Documents/coding/LINCS-Proteomics-Landing-Page/build/classes/main/eh3/uc/edu]
15:02:06.908 [Test worker] DEBUG org.springframework.core.io.support.PathMatchingResourcePatternResolver - Searching directory [/home/behrouz/Documents/coding/LINCS-Proteomics-Landing-Page/build/classes/main/eh3/uc/edu] for files matching pattern [/home/behrouz/Documents/coding/LINCS-Proteomics-Landing-Page/build/classes/main/eh3/uc/edu/*.class]
15:02:06.909 [Test worker] DEBUG org.springframework.core.io.support.PathMatchingResourcePatternResolver - Resolved location pattern [classpath*:eh3/uc/edu/*.class] to resources [file [/home/behrouz/Documents/coding/LINCS-Proteomics-Landing-Page/build/classes/test/eh3/uc/edu/LincsProteomicsLandingPageFinalApplicationTests.class], file [/home/behrouz/Documents/coding/LINCS-Proteomics-Landing-Page/build/classes/main/eh3/uc/edu/LincsProteomicsLandingPageFinalApplication.class]]
15:02:06.968 [Test worker] DEBUG org.springframework.context.annotation.ClassPathScanningCandidateComponentProvider - Identified candidate component class: file [/home/behrouz/Documents/coding/LINCS-Proteomics-Landing-Page/build/classes/main/eh3/uc/edu/LincsProteomicsLandingPageFinalApplication.class]
15:02:06.969 [Test worker] INFO org.springframework.boot.test.context.SpringBootTestContextBootstrapper - Found @SpringBootConfiguration eh3.uc.edu.LincsProteomicsLandingPageFinalApplication for test class eh3.uc.edu.LincsProteomicsLandingPageFinalApplicationTests
15:02:06.974 [Test worker] DEBUG org.springframework.boot.test.context.SpringBootTestContextBootstrapper - @TestExecutionListeners is not present for class [eh3.uc.edu.LincsProteomicsLandingPageFinalApplicationTests]: using defaults.
15:02:06.978 [Test worker] INFO org.springframework.boot.test.context.SpringBootTestContextBootstrapper - Loaded default TestExecutionListener class names from location [META-INF/spring.factories]: [org.springframework.boot.test.mock.mockito.MockitoTestExecutionListener, org.springframework.boot.test.mock.mockito.ResetMocksTestExecutionListener, org.springframework.boot.test.autoconfigure.restdocs.RestDocsTestExecutionListener, org.springframework.boot.test.autoconfigure.web.client.MockRestServiceServerResetTestExecutionListener, org.springframework.boot.test.autoconfigure.web.servlet.MockMvcPrintOnlyOnFailureTestExecutionListener, org.springframework.boot.test.autoconfigure.web.servlet.WebDriverTestExecutionListener, org.springframework.test.context.web.ServletTestExecutionListener, org.springframework.test.context.support.DirtiesContextBeforeModesTestExecutionListener, org.springframework.test.context.support.DependencyInjectionTestExecutionListener, org.springframework.test.context.support.DirtiesContextTestExecutionListener, org.springframework.test.context.transaction.TransactionalTestExecutionListener, org.springframework.test.context.jdbc.SqlScriptsTestExecutionListener]
15:02:06.988 [Test worker] INFO org.springframework.boot.test.context.SpringBootTestContextBootstrapper - Could not instantiate TestExecutionListener [org.springframework.test.context.transaction.TransactionalTestExecutionListener]. Specify custom listener classes or make the default listener classes (and their required dependencies) available. Offending class: [org/springframework/transaction/TransactionDefinition]
15:02:06.989 [Test worker] INFO org.springframework.boot.test.context.SpringBootTestContextBootstrapper - Could not instantiate TestExecutionListener [org.springframework.test.context.jdbc.SqlScriptsTestExecutionListener]. Specify custom listener classes or make the default listener classes (and their required dependencies) available. Offending class: [org/springframework/transaction/interceptor/TransactionAttribute]
15:02:06.992 [Test worker] INFO org.springframework.boot.test.context.SpringBootTestContextBootstrapper - Using TestExecutionListeners: [org.springframework.test.context.web.ServletTestExecutionListener@7de8488d, org.springframework.test.context.support.DirtiesContextBeforeModesTestExecutionListener@42bceb74, org.springframework.boot.test.autoconfigure.SpringBootDependencyInjectionTestExecutionListener@7384576d, org.springframework.test.context.support.DirtiesContextTestExecutionListener@1036f3b6, org.springframework.boot.test.autoconfigure.web.client.MockRestServiceServerResetTestExecutionListener@2fa56d1d, org.springframework.boot.test.autoconfigure.web.servlet.MockMvcPrintOnlyOnFailureTestExecutionListener@ae7d4d6, org.springframework.boot.test.mock.mockito.MockitoTestExecutionListener@5b89d5d8, org.springframework.boot.test.mock.mockito.ResetMocksTestExecutionListener@7c05365c, org.springframework.boot.test.autoconfigure.restdocs.RestDocsTestExecutionListener@784c7144, org.springframework.boot.test.autoconfigure.web.servlet.WebDriverTestExecutionListener@4c394bff]
15:02:06.995 [Test worker] DEBUG org.springframework.test.annotation.ProfileValueUtils - Retrieved @ProfileValueSourceConfiguration [null] for test class [eh3.uc.edu.LincsProteomicsLandingPageFinalApplicationTests]
15:02:06.996 [Test worker] DEBUG org.springframework.test.annotation.ProfileValueUtils - Retrieved ProfileValueSource type [class org.springframework.test.annotation.SystemProfileValueSource] for class [eh3.uc.edu.LincsProteomicsLandingPageFinalApplicationTests]
15:02:06.997 [Test worker] DEBUG org.springframework.test.annotation.ProfileValueUtils - Retrieved @ProfileValueSourceConfiguration [null] for test class [eh3.uc.edu.LincsProteomicsLandingPageFinalApplicationTests]
15:02:06.997 [Test worker] DEBUG org.springframework.test.annotation.ProfileValueUtils - Retrieved ProfileValueSource type [class org.springframework.test.annotation.SystemProfileValueSource] for class [eh3.uc.edu.LincsProteomicsLandingPageFinalApplicationTests]
15:02:07.003 [Test worker] DEBUG org.springframework.test.context.support.AbstractDirtiesContextTestExecutionListener - Before test class: context [DefaultTestContext@584850e0 testClass = LincsProteomicsLandingPageFinalApplicationTests, testInstance = [null], testMethod = [null], testException = [null], mergedContextConfiguration = [WebMergedContextConfiguration@6b7af579 testClass = LincsProteomicsLandingPageFinalApplicationTests, locations = '{}', classes = '{class eh3.uc.edu.LincsProteomicsLandingPageFinalApplication}', contextInitializerClasses = '[]', activeProfiles = '{}', propertySourceLocations = '{}', propertySourceProperties = '{org.springframework.boot.test.context.SpringBootTestContextBootstrapper=true}', contextCustomizers = set[org.springframework.boot.test.context.SpringBootTestContextCustomizer@66fba333, org.springframework.boot.test.context.filter.ExcludeFilterContextCustomizer@fa51122, org.springframework.boot.test.mock.mockito.MockitoContextCustomizer@0, org.springframework.boot.test.autoconfigure.properties.PropertyMappingContextCustomizer@0, org.springframework.boot.test.autoconfigure.web.servlet.WebDriverContextCustomizerFactory$Customizer@50097c6e], resourceBasePath = 'src/main/webapp', contextLoader = 'org.springframework.boot.test.context.SpringBootContextLoader', parent = [null]]], class annotated with @DirtiesContext [false] with mode [null].
15:02:07.003 [Test worker] DEBUG org.springframework.test.annotation.ProfileValueUtils - Retrieved @ProfileValueSourceConfiguration [null] for test class [eh3.uc.edu.LincsProteomicsLandingPageFinalApplicationTests]
15:02:07.004 [Test worker] DEBUG org.springframework.test.annotation.ProfileValueUtils - Retrieved ProfileValueSource type [class org.springframework.test.annotation.SystemProfileValueSource] for class [eh3.uc.edu.LincsProteomicsLandingPageFinalApplicationTests]
15:02:07.070 [Test worker] DEBUG org.springframework.core.env.StandardEnvironment - Adding [systemProperties] PropertySource with lowest search precedence
15:02:07.070 [Test worker] DEBUG org.springframework.core.env.StandardEnvironment - Adding [systemEnvironment] PropertySource with lowest search precedence
15:02:07.070 [Test worker] DEBUG org.springframework.core.env.StandardEnvironment - Initialized StandardEnvironment with PropertySources [systemProperties,systemEnvironment]
15:02:07.073 [Test worker] DEBUG org.springframework.core.env.MutablePropertySources - Adding [inline] PropertySource with highest search precedence
15:02:07.079 [Test worker] DEBUG org.springframework.test.context.support.TestPropertySourceUtils - Adding inlined properties to environment: {spring.jmx.enabled=false, org.springframework.boot.test.context.SpringBootTestContextBootstrapper=true, server.port=-1}
15:02:07.079 [Test worker] DEBUG org.springframework.core.env.StandardEnvironment - Adding [Inlined Test Properties] PropertySource with highest search precedence

  .   ____          _            __ _ _
 /\\ / ___'_ __ _ _(_)_ __  __ _ \ \ \ \
( ( )\___ | '_ | '_| | '_ \/ _` | \ \ \ \
 \\/  ___)| |_)| | | | | || (_| |  ) ) ) )
  '  |____| .__|_| |_|_| |_\__, | / / / /
 =========|_|==============|___/=/_/_/_/
 :: Spring Boot ::        (v1.5.3.RELEASE)

2017-05-12 15:02:07.516  INFO 16545 --- [    Test worker] oteomicsLandingPageFinalApplicationTests : Starting LincsProteomicsLandingPageFinalApplicationTests on behrouz-Inspiron-N5110 with PID 16545 (started by behrouz in /home/behrouz/Documents/coding/LINCS-Proteomics-Landing-Page)
2017-05-12 15:02:07.518  INFO 16545 --- [    Test worker] oteomicsLandingPageFinalApplicationTests : No active profile set, falling back to default profiles: default
2017-05-12 15:02:07.590  INFO 16545 --- [    Test worker] o.s.w.c.s.GenericWebApplicationContext   : Refreshing org.springframework.web.context.support.GenericWebApplicationContext@4fbab90: startup date [Fri May 12 15:02:07 EDT 2017]; root of context hierarchy
2017-05-12 15:02:10.033  INFO 16545 --- [    Test worker] s.w.s.m.m.a.RequestMappingHandlerAdapter : Looking for @ControllerAdvice: org.springframework.web.context.support.GenericWebApplicationContext@4fbab90: startup date [Fri May 12 15:02:07 EDT 2017]; root of context hierarchy
2017-05-12 15:02:10.127  INFO 16545 --- [    Test worker] s.w.s.m.m.a.RequestMappingHandlerMapping : Mapped "{[/error],produces=[text/html]}" onto public org.springframework.web.servlet.ModelAndView org.springframework.boot.autoconfigure.web.BasicErrorController.errorHtml(javax.servlet.http.HttpServletRequest,javax.servlet.http.HttpServletResponse)
2017-05-12 15:02:10.129  INFO 16545 --- [    Test worker] s.w.s.m.m.a.RequestMappingHandlerMapping : Mapped "{[/error]}" onto public org.springframework.http.ResponseEntity<java.util.Map<java.lang.String, java.lang.Object>> org.springframework.boot.autoconfigure.web.BasicErrorController.error(javax.servlet.http.HttpServletRequest)
2017-05-12 15:02:10.175  INFO 16545 --- [    Test worker] o.s.w.s.handler.SimpleUrlHandlerMapping  : Mapped URL path [/webjars/**] onto handler of type [class org.springframework.web.servlet.resource.ResourceHttpRequestHandler]
2017-05-12 15:02:10.175  INFO 16545 --- [    Test worker] o.s.w.s.handler.SimpleUrlHandlerMapping  : Mapped URL path [/**] onto handler of type [class org.springframework.web.servlet.resource.ResourceHttpRequestHandler]
2017-05-12 15:02:10.222  INFO 16545 --- [    Test worker] o.s.w.s.handler.SimpleUrlHandlerMapping  : Mapped URL path [/**/favicon.ico] onto handler of type [class org.springframework.web.servlet.resource.ResourceHttpRequestHandler]
2017-05-12 15:02:10.266  INFO 16545 --- [    Test worker] oConfiguration$WelcomePageHandlerMapping : Adding welcome page: ServletContext resource [/index.html]
2017-05-12 15:02:10.596  INFO 16545 --- [    Test worker] oteomicsLandingPageFinalApplicationTests : Started LincsProteomicsLandingPageFinalApplicationTests in 3.508 seconds (JVM running for 4.724)
]]></system-out>
  <system-err><![CDATA[]]></system-err>
</testsuite>
