<?xml version="1.0" encoding="UTF-8"?>
<testsuite name="eh3.uc.edu.LincsProteomicsLandingPageFinalApplicationTests" tests="1" skipped="0" failures="0" errors="0" timestamp="2017-07-11T19:41:57" hostname="eh1062.wifi.uc.edu" time="0.024">
  <properties/>
  <testcase name="contextLoads" classname="eh3.uc.edu.LincsProteomicsLandingPageFinalApplicationTests" time="0.024"/>
  <system-out><![CDATA[15:41:55.678 [Test worker] DEBUG org.springframework.test.context.junit4.SpringJUnit4ClassRunner - SpringJUnit4ClassRunner constructor called with [class eh3.uc.edu.LincsProteomicsLandingPageFinalApplicationTests]
15:41:55.683 [Test worker] DEBUG org.springframework.test.context.BootstrapUtils - Instantiating CacheAwareContextLoaderDelegate from class [org.springframework.test.context.cache.DefaultCacheAwareContextLoaderDelegate]
15:41:55.689 [Test worker] DEBUG org.springframework.test.context.BootstrapUtils - Instantiating BootstrapContext using constructor [public org.springframework.test.context.support.DefaultBootstrapContext(java.lang.Class,org.springframework.test.context.CacheAwareContextLoaderDelegate)]
15:41:55.702 [Test worker] DEBUG org.springframework.test.context.BootstrapUtils - Instantiating TestContextBootstrapper for test class [eh3.uc.edu.LincsProteomicsLandingPageFinalApplicationTests] from class [org.springframework.boot.test.context.SpringBootTestContextBootstrapper]
15:41:55.711 [Test worker] INFO org.springframework.boot.test.context.SpringBootTestContextBootstrapper - Neither @ContextConfiguration nor @ContextHierarchy found for test class [eh3.uc.edu.LincsProteomicsLandingPageFinalApplicationTests], using SpringBootContextLoader
15:41:55.715 [Test worker] DEBUG org.springframework.test.context.support.AbstractContextLoader - Did not detect default resource location for test class [eh3.uc.edu.LincsProteomicsLandingPageFinalApplicationTests]: class path resource [eh3/uc/edu/LincsProteomicsLandingPageFinalApplicationTests-context.xml] does not exist
15:41:55.715 [Test worker] DEBUG org.springframework.test.context.support.AbstractContextLoader - Did not detect default resource location for test class [eh3.uc.edu.LincsProteomicsLandingPageFinalApplicationTests]: class path resource [eh3/uc/edu/LincsProteomicsLandingPageFinalApplicationTestsContext.groovy] does not exist
15:41:55.715 [Test worker] INFO org.springframework.test.context.support.AbstractContextLoader - Could not detect default resource locations for test class [eh3.uc.edu.LincsProteomicsLandingPageFinalApplicationTests]: no resource found for suffixes {-context.xml, Context.groovy}.
15:41:55.716 [Test worker] INFO org.springframework.test.context.support.AnnotationConfigContextLoaderUtils - Could not detect default configuration classes for test class [eh3.uc.edu.LincsProteomicsLandingPageFinalApplicationTests]: LincsProteomicsLandingPageFinalApplicationTests does not declare any static, non-private, non-final, nested classes annotated with @Configuration.
15:41:55.745 [Test worker] DEBUG org.springframework.test.context.support.ActiveProfilesUtils - Could not find an 'annotation declaring class' for annotation type [org.springframework.test.context.ActiveProfiles] and class [eh3.uc.edu.LincsProteomicsLandingPageFinalApplicationTests]
15:41:55.753 [Test worker] DEBUG org.springframework.core.env.StandardEnvironment - Adding [systemProperties] PropertySource with lowest search precedence
15:41:55.754 [Test worker] DEBUG org.springframework.core.env.StandardEnvironment - Adding [systemEnvironment] PropertySource with lowest search precedence
15:41:55.755 [Test worker] DEBUG org.springframework.core.env.StandardEnvironment - Initialized StandardEnvironment with PropertySources [systemProperties,systemEnvironment]
15:41:55.763 [Test worker] DEBUG org.springframework.core.io.support.PathMatchingResourcePatternResolver - Resolved classpath location [eh3/uc/edu/] to resources [URL [file:/Users/shamsabz/Dropbox/LINCS-Proteomics-Landing-Page/build/classes/java/test/eh3/uc/edu/], URL [file:/Users/shamsabz/Dropbox/LINCS-Proteomics-Landing-Page/build/classes/java/main/eh3/uc/edu/]]
15:41:55.764 [Test worker] DEBUG org.springframework.core.io.support.PathMatchingResourcePatternResolver - Looking for matching resources in directory tree [/Users/shamsabz/Dropbox/LINCS-Proteomics-Landing-Page/build/classes/java/test/eh3/uc/edu]
15:41:55.764 [Test worker] DEBUG org.springframework.core.io.support.PathMatchingResourcePatternResolver - Searching directory [/Users/shamsabz/Dropbox/LINCS-Proteomics-Landing-Page/build/classes/java/test/eh3/uc/edu] for files matching pattern [/Users/shamsabz/Dropbox/LINCS-Proteomics-Landing-Page/build/classes/java/test/eh3/uc/edu/*.class]
15:41:55.766 [Test worker] DEBUG org.springframework.core.io.support.PathMatchingResourcePatternResolver - Looking for matching resources in directory tree [/Users/shamsabz/Dropbox/LINCS-Proteomics-Landing-Page/build/classes/java/main/eh3/uc/edu]
15:41:55.767 [Test worker] DEBUG org.springframework.core.io.support.PathMatchingResourcePatternResolver - Searching directory [/Users/shamsabz/Dropbox/LINCS-Proteomics-Landing-Page/build/classes/java/main/eh3/uc/edu] for files matching pattern [/Users/shamsabz/Dropbox/LINCS-Proteomics-Landing-Page/build/classes/java/main/eh3/uc/edu/*.class]
15:41:55.767 [Test worker] DEBUG org.springframework.core.io.support.PathMatchingResourcePatternResolver - Resolved location pattern [classpath*:eh3/uc/edu/*.class] to resources [file [/Users/shamsabz/Dropbox/LINCS-Proteomics-Landing-Page/build/classes/java/test/eh3/uc/edu/LincsProteomicsLandingPageFinalApplicationTests.class], file [/Users/shamsabz/Dropbox/LINCS-Proteomics-Landing-Page/build/classes/java/main/eh3/uc/edu/LincsProteomicsLandingPageFinalApplication.class]]
15:41:55.805 [Test worker] DEBUG org.springframework.context.annotation.ClassPathScanningCandidateComponentProvider - Identified candidate component class: file [/Users/shamsabz/Dropbox/LINCS-Proteomics-Landing-Page/build/classes/java/main/eh3/uc/edu/LincsProteomicsLandingPageFinalApplication.class]
15:41:55.806 [Test worker] INFO org.springframework.boot.test.context.SpringBootTestContextBootstrapper - Found @SpringBootConfiguration eh3.uc.edu.LincsProteomicsLandingPageFinalApplication for test class eh3.uc.edu.LincsProteomicsLandingPageFinalApplicationTests
15:41:55.809 [Test worker] DEBUG org.springframework.boot.test.context.SpringBootTestContextBootstrapper - @TestExecutionListeners is not present for class [eh3.uc.edu.LincsProteomicsLandingPageFinalApplicationTests]: using defaults.
15:41:55.813 [Test worker] INFO org.springframework.boot.test.context.SpringBootTestContextBootstrapper - Loaded default TestExecutionListener class names from location [META-INF/spring.factories]: [org.springframework.boot.test.autoconfigure.restdocs.RestDocsTestExecutionListener, org.springframework.boot.test.autoconfigure.web.client.MockRestServiceServerResetTestExecutionListener, org.springframework.boot.test.autoconfigure.web.servlet.MockMvcPrintOnlyOnFailureTestExecutionListener, org.springframework.boot.test.autoconfigure.web.servlet.WebDriverTestExecutionListener, org.springframework.boot.test.mock.mockito.MockitoTestExecutionListener, org.springframework.boot.test.mock.mockito.ResetMocksTestExecutionListener, org.springframework.test.context.web.ServletTestExecutionListener, org.springframework.test.context.support.DirtiesContextBeforeModesTestExecutionListener, org.springframework.test.context.support.DependencyInjectionTestExecutionListener, org.springframework.test.context.support.DirtiesContextTestExecutionListener, org.springframework.test.context.transaction.TransactionalTestExecutionListener, org.springframework.test.context.jdbc.SqlScriptsTestExecutionListener]
15:41:55.820 [Test worker] INFO org.springframework.boot.test.context.SpringBootTestContextBootstrapper - Could not instantiate TestExecutionListener [org.springframework.test.context.jdbc.SqlScriptsTestExecutionListener]. Specify custom listener classes or make the default listener classes (and their required dependencies) available. Offending class: [org/springframework/transaction/interceptor/TransactionAttribute]
15:41:55.821 [Test worker] INFO org.springframework.boot.test.context.SpringBootTestContextBootstrapper - Could not instantiate TestExecutionListener [org.springframework.test.context.transaction.TransactionalTestExecutionListener]. Specify custom listener classes or make the default listener classes (and their required dependencies) available. Offending class: [org/springframework/transaction/interceptor/TransactionAttributeSource]
15:41:55.824 [Test worker] INFO org.springframework.boot.test.context.SpringBootTestContextBootstrapper - Using TestExecutionListeners: [org.springframework.test.context.web.ServletTestExecutionListener@138581b9, org.springframework.test.context.support.DirtiesContextBeforeModesTestExecutionListener@3375a334, org.springframework.boot.test.autoconfigure.SpringBootDependencyInjectionTestExecutionListener@6551ef26, org.springframework.test.context.support.DirtiesContextTestExecutionListener@2445d6e0, org.springframework.boot.test.mock.mockito.ResetMocksTestExecutionListener@1b721398, org.springframework.boot.test.autoconfigure.web.servlet.WebDriverTestExecutionListener@5806fc1, org.springframework.boot.test.autoconfigure.restdocs.RestDocsTestExecutionListener@6f429888, org.springframework.boot.test.autoconfigure.web.servlet.MockMvcPrintOnlyOnFailureTestExecutionListener@65baa156, org.springframework.boot.test.autoconfigure.web.client.MockRestServiceServerResetTestExecutionListener@6e5f80aa, org.springframework.boot.test.mock.mockito.MockitoTestExecutionListener@68a704c7]
15:41:55.826 [Test worker] DEBUG org.springframework.test.annotation.ProfileValueUtils - Retrieved @ProfileValueSourceConfiguration [null] for test class [eh3.uc.edu.LincsProteomicsLandingPageFinalApplicationTests]
15:41:55.827 [Test worker] DEBUG org.springframework.test.annotation.ProfileValueUtils - Retrieved ProfileValueSource type [class org.springframework.test.annotation.SystemProfileValueSource] for class [eh3.uc.edu.LincsProteomicsLandingPageFinalApplicationTests]
15:41:55.827 [Test worker] DEBUG org.springframework.test.annotation.ProfileValueUtils - Retrieved @ProfileValueSourceConfiguration [null] for test class [eh3.uc.edu.LincsProteomicsLandingPageFinalApplicationTests]
15:41:55.827 [Test worker] DEBUG org.springframework.test.annotation.ProfileValueUtils - Retrieved ProfileValueSource type [class org.springframework.test.annotation.SystemProfileValueSource] for class [eh3.uc.edu.LincsProteomicsLandingPageFinalApplicationTests]
15:41:55.831 [Test worker] DEBUG org.springframework.test.context.support.AbstractDirtiesContextTestExecutionListener - Before test class: context [DefaultTestContext@49c1e3c0 testClass = LincsProteomicsLandingPageFinalApplicationTests, testInstance = [null], testMethod = [null], testException = [null], mergedContextConfiguration = [WebMergedContextConfiguration@5e9363e6 testClass = LincsProteomicsLandingPageFinalApplicationTests, locations = '{}', classes = '{class eh3.uc.edu.LincsProteomicsLandingPageFinalApplication}', contextInitializerClasses = '[]', activeProfiles = '{}', propertySourceLocations = '{}', propertySourceProperties = '{org.springframework.boot.test.context.SpringBootTestContextBootstrapper=true}', contextCustomizers = set[org.springframework.boot.test.autoconfigure.properties.PropertyMappingContextCustomizer@0, org.springframework.boot.test.autoconfigure.web.servlet.WebDriverContextCustomizerFactory$Customizer@47da5bf8, org.springframework.boot.test.context.SpringBootTestContextCustomizer@725a1523, org.springframework.boot.test.context.filter.ExcludeFilterContextCustomizer@2833ea2d, org.springframework.boot.test.mock.mockito.MockitoContextCustomizer@0], resourceBasePath = 'src/main/webapp', contextLoader = 'org.springframework.boot.test.context.SpringBootContextLoader', parent = [null]]], class annotated with @DirtiesContext [false] with mode [null].
15:41:55.831 [Test worker] DEBUG org.springframework.test.annotation.ProfileValueUtils - Retrieved @ProfileValueSourceConfiguration [null] for test class [eh3.uc.edu.LincsProteomicsLandingPageFinalApplicationTests]
15:41:55.832 [Test worker] DEBUG org.springframework.test.annotation.ProfileValueUtils - Retrieved ProfileValueSource type [class org.springframework.test.annotation.SystemProfileValueSource] for class [eh3.uc.edu.LincsProteomicsLandingPageFinalApplicationTests]
15:41:55.882 [Test worker] DEBUG org.springframework.core.env.StandardEnvironment - Adding [systemProperties] PropertySource with lowest search precedence
15:41:55.882 [Test worker] DEBUG org.springframework.core.env.StandardEnvironment - Adding [systemEnvironment] PropertySource with lowest search precedence
15:41:55.882 [Test worker] DEBUG org.springframework.core.env.StandardEnvironment - Initialized StandardEnvironment with PropertySources [systemProperties,systemEnvironment]
15:41:55.883 [Test worker] DEBUG org.springframework.core.env.MutablePropertySources - Adding [inline] PropertySource with highest search precedence
15:41:55.887 [Test worker] DEBUG org.springframework.test.context.support.TestPropertySourceUtils - Adding inlined properties to environment: {spring.jmx.enabled=false, org.springframework.boot.test.context.SpringBootTestContextBootstrapper=true, server.port=-1}
15:41:55.888 [Test worker] DEBUG org.springframework.core.env.StandardEnvironment - Adding [Inlined Test Properties] PropertySource with highest search precedence

  .   ____          _            __ _ _
 /\\ / ___'_ __ _ _(_)_ __  __ _ \ \ \ \
( ( )\___ | '_ | '_| | '_ \/ _` | \ \ \ \
 \\/  ___)| |_)| | | | | || (_| |  ) ) ) )
  '  |____| .__|_| |_|_| |_\__, | / / / /
 =========|_|==============|___/=/_/_/_/
 :: Spring Boot ::        (v1.5.3.RELEASE)

2017-07-11 15:41:56.196  INFO 4457 --- [    Test worker] oteomicsLandingPageFinalApplicationTests : Starting LincsProteomicsLandingPageFinalApplicationTests on eh1062.wifi.uc.edu with PID 4457 (started by shamsabz in /Users/shamsabz/Dropbox/LINCS-Proteomics-Landing-Page)
2017-07-11 15:41:56.198  INFO 4457 --- [    Test worker] oteomicsLandingPageFinalApplicationTests : No active profile set, falling back to default profiles: default
2017-07-11 15:41:56.233  INFO 4457 --- [    Test worker] o.s.w.c.s.GenericWebApplicationContext   : Refreshing org.springframework.web.context.support.GenericWebApplicationContext@69ad1480: startup date [Tue Jul 11 15:41:56 EDT 2017]; root of context hierarchy
2017-07-11 15:41:57.422  INFO 4457 --- [    Test worker] s.w.s.m.m.a.RequestMappingHandlerAdapter : Looking for @ControllerAdvice: org.springframework.web.context.support.GenericWebApplicationContext@69ad1480: startup date [Tue Jul 11 15:41:56 EDT 2017]; root of context hierarchy
2017-07-11 15:41:57.479  INFO 4457 --- [    Test worker] s.w.s.m.m.a.RequestMappingHandlerMapping : Mapped "{[/api/test/{notation}],methods=[GET]}" onto public java.lang.String eh3.uc.edu.controller.RestAPI.parseTest(java.lang.String)
2017-07-11 15:41:57.479  INFO 4457 --- [    Test worker] s.w.s.m.m.a.RequestMappingHandlerMapping : Mapped "{[/api/sendEmail/{text}],methods=[GET]}" onto public void eh3.uc.edu.controller.RestAPI.sendEmail(java.lang.String) throws javax.mail.MessagingException
2017-07-11 15:41:57.481  INFO 4457 --- [    Test worker] s.w.s.m.m.a.RequestMappingHandlerMapping : Mapped "{[/error]}" onto public org.springframework.http.ResponseEntity<java.util.Map<java.lang.String, java.lang.Object>> org.springframework.boot.autoconfigure.web.BasicErrorController.error(javax.servlet.http.HttpServletRequest)
2017-07-11 15:41:57.481  INFO 4457 --- [    Test worker] s.w.s.m.m.a.RequestMappingHandlerMapping : Mapped "{[/error],produces=[text/html]}" onto public org.springframework.web.servlet.ModelAndView org.springframework.boot.autoconfigure.web.BasicErrorController.errorHtml(javax.servlet.http.HttpServletRequest,javax.servlet.http.HttpServletResponse)
2017-07-11 15:41:57.504  INFO 4457 --- [    Test worker] o.s.w.s.handler.SimpleUrlHandlerMapping  : Mapped URL path [/webjars/**] onto handler of type [class org.springframework.web.servlet.resource.ResourceHttpRequestHandler]
2017-07-11 15:41:57.504  INFO 4457 --- [    Test worker] o.s.w.s.handler.SimpleUrlHandlerMapping  : Mapped URL path [/**] onto handler of type [class org.springframework.web.servlet.resource.ResourceHttpRequestHandler]
2017-07-11 15:41:57.537  INFO 4457 --- [    Test worker] o.s.w.s.handler.SimpleUrlHandlerMapping  : Mapped URL path [/**/favicon.ico] onto handler of type [class org.springframework.web.servlet.resource.ResourceHttpRequestHandler]
2017-07-11 15:41:57.559  INFO 4457 --- [    Test worker] oConfiguration$WelcomePageHandlerMapping : Adding welcome page: ServletContext resource [/index.html]
2017-07-11 15:41:57.675  INFO 4457 --- [    Test worker] oteomicsLandingPageFinalApplicationTests : Started LincsProteomicsLandingPageFinalApplicationTests in 1.78 seconds (JVM running for 2.535)
]]></system-out>
  <system-err><![CDATA[]]></system-err>
</testsuite>
