<?xml version="1.0" encoding="UTF-8"?>
<testsuite name="eh3.uc.edu.LincsProteomicsLandingPageFinalApplicationTests" tests="1" skipped="0" failures="0" errors="0" timestamp="2017-10-24T02:35:20" hostname="EH1062.local" time="0.028">
  <properties/>
  <testcase name="contextLoads" classname="eh3.uc.edu.LincsProteomicsLandingPageFinalApplicationTests" time="0.028"/>
  <system-out><![CDATA[22:35:18.384 [Test worker] DEBUG org.springframework.test.context.junit4.SpringJUnit4ClassRunner - SpringJUnit4ClassRunner constructor called with [class eh3.uc.edu.LincsProteomicsLandingPageFinalApplicationTests]
22:35:18.390 [Test worker] DEBUG org.springframework.test.context.BootstrapUtils - Instantiating CacheAwareContextLoaderDelegate from class [org.springframework.test.context.cache.DefaultCacheAwareContextLoaderDelegate]
22:35:18.397 [Test worker] DEBUG org.springframework.test.context.BootstrapUtils - Instantiating BootstrapContext using constructor [public org.springframework.test.context.support.DefaultBootstrapContext(java.lang.Class,org.springframework.test.context.CacheAwareContextLoaderDelegate)]
22:35:18.411 [Test worker] DEBUG org.springframework.test.context.BootstrapUtils - Instantiating TestContextBootstrapper for test class [eh3.uc.edu.LincsProteomicsLandingPageFinalApplicationTests] from class [org.springframework.boot.test.context.SpringBootTestContextBootstrapper]
22:35:18.427 [Test worker] INFO org.springframework.boot.test.context.SpringBootTestContextBootstrapper - Neither @ContextConfiguration nor @ContextHierarchy found for test class [eh3.uc.edu.LincsProteomicsLandingPageFinalApplicationTests], using SpringBootContextLoader
22:35:18.432 [Test worker] DEBUG org.springframework.test.context.support.AbstractContextLoader - Did not detect default resource location for test class [eh3.uc.edu.LincsProteomicsLandingPageFinalApplicationTests]: class path resource [eh3/uc/edu/LincsProteomicsLandingPageFinalApplicationTests-context.xml] does not exist
22:35:18.434 [Test worker] DEBUG org.springframework.test.context.support.AbstractContextLoader - Did not detect default resource location for test class [eh3.uc.edu.LincsProteomicsLandingPageFinalApplicationTests]: class path resource [eh3/uc/edu/LincsProteomicsLandingPageFinalApplicationTestsContext.groovy] does not exist
22:35:18.435 [Test worker] INFO org.springframework.test.context.support.AbstractContextLoader - Could not detect default resource locations for test class [eh3.uc.edu.LincsProteomicsLandingPageFinalApplicationTests]: no resource found for suffixes {-context.xml, Context.groovy}.
22:35:18.436 [Test worker] INFO org.springframework.test.context.support.AnnotationConfigContextLoaderUtils - Could not detect default configuration classes for test class [eh3.uc.edu.LincsProteomicsLandingPageFinalApplicationTests]: LincsProteomicsLandingPageFinalApplicationTests does not declare any static, non-private, non-final, nested classes annotated with @Configuration.
22:35:18.481 [Test worker] DEBUG org.springframework.test.context.support.ActiveProfilesUtils - Could not find an 'annotation declaring class' for annotation type [org.springframework.test.context.ActiveProfiles] and class [eh3.uc.edu.LincsProteomicsLandingPageFinalApplicationTests]
22:35:18.489 [Test worker] DEBUG org.springframework.core.env.StandardEnvironment - Adding [systemProperties] PropertySource with lowest search precedence
22:35:18.490 [Test worker] DEBUG org.springframework.core.env.StandardEnvironment - Adding [systemEnvironment] PropertySource with lowest search precedence
22:35:18.491 [Test worker] DEBUG org.springframework.core.env.StandardEnvironment - Initialized StandardEnvironment with PropertySources [systemProperties,systemEnvironment]
22:35:18.499 [Test worker] DEBUG org.springframework.core.io.support.PathMatchingResourcePatternResolver - Resolved classpath location [eh3/uc/edu/] to resources [URL [file:/Users/shamsabz/Dropbox/LINCS-Proteomics-Landing-Page/build/classes/java/test/eh3/uc/edu/], URL [file:/Users/shamsabz/Dropbox/LINCS-Proteomics-Landing-Page/build/classes/java/main/eh3/uc/edu/]]
22:35:18.500 [Test worker] DEBUG org.springframework.core.io.support.PathMatchingResourcePatternResolver - Looking for matching resources in directory tree [/Users/shamsabz/Dropbox/LINCS-Proteomics-Landing-Page/build/classes/java/test/eh3/uc/edu]
22:35:18.500 [Test worker] DEBUG org.springframework.core.io.support.PathMatchingResourcePatternResolver - Searching directory [/Users/shamsabz/Dropbox/LINCS-Proteomics-Landing-Page/build/classes/java/test/eh3/uc/edu] for files matching pattern [/Users/shamsabz/Dropbox/LINCS-Proteomics-Landing-Page/build/classes/java/test/eh3/uc/edu/*.class]
22:35:18.503 [Test worker] DEBUG org.springframework.core.io.support.PathMatchingResourcePatternResolver - Looking for matching resources in directory tree [/Users/shamsabz/Dropbox/LINCS-Proteomics-Landing-Page/build/classes/java/main/eh3/uc/edu]
22:35:18.503 [Test worker] DEBUG org.springframework.core.io.support.PathMatchingResourcePatternResolver - Searching directory [/Users/shamsabz/Dropbox/LINCS-Proteomics-Landing-Page/build/classes/java/main/eh3/uc/edu] for files matching pattern [/Users/shamsabz/Dropbox/LINCS-Proteomics-Landing-Page/build/classes/java/main/eh3/uc/edu/*.class]
22:35:18.504 [Test worker] DEBUG org.springframework.core.io.support.PathMatchingResourcePatternResolver - Resolved location pattern [classpath*:eh3/uc/edu/*.class] to resources [file [/Users/shamsabz/Dropbox/LINCS-Proteomics-Landing-Page/build/classes/java/test/eh3/uc/edu/LincsProteomicsLandingPageFinalApplicationTests.class], file [/Users/shamsabz/Dropbox/LINCS-Proteomics-Landing-Page/build/classes/java/main/eh3/uc/edu/LincsProteomicsLandingPageFinalApplication.class]]
22:35:18.550 [Test worker] DEBUG org.springframework.context.annotation.ClassPathScanningCandidateComponentProvider - Identified candidate component class: file [/Users/shamsabz/Dropbox/LINCS-Proteomics-Landing-Page/build/classes/java/main/eh3/uc/edu/LincsProteomicsLandingPageFinalApplication.class]
22:35:18.551 [Test worker] INFO org.springframework.boot.test.context.SpringBootTestContextBootstrapper - Found @SpringBootConfiguration eh3.uc.edu.LincsProteomicsLandingPageFinalApplication for test class eh3.uc.edu.LincsProteomicsLandingPageFinalApplicationTests
22:35:18.555 [Test worker] DEBUG org.springframework.boot.test.context.SpringBootTestContextBootstrapper - @TestExecutionListeners is not present for class [eh3.uc.edu.LincsProteomicsLandingPageFinalApplicationTests]: using defaults.
22:35:18.560 [Test worker] INFO org.springframework.boot.test.context.SpringBootTestContextBootstrapper - Loaded default TestExecutionListener class names from location [META-INF/spring.factories]: [org.springframework.boot.test.autoconfigure.restdocs.RestDocsTestExecutionListener, org.springframework.boot.test.autoconfigure.web.client.MockRestServiceServerResetTestExecutionListener, org.springframework.boot.test.autoconfigure.web.servlet.MockMvcPrintOnlyOnFailureTestExecutionListener, org.springframework.boot.test.autoconfigure.web.servlet.WebDriverTestExecutionListener, org.springframework.boot.test.mock.mockito.MockitoTestExecutionListener, org.springframework.boot.test.mock.mockito.ResetMocksTestExecutionListener, org.springframework.test.context.web.ServletTestExecutionListener, org.springframework.test.context.support.DirtiesContextBeforeModesTestExecutionListener, org.springframework.test.context.support.DependencyInjectionTestExecutionListener, org.springframework.test.context.support.DirtiesContextTestExecutionListener, org.springframework.test.context.transaction.TransactionalTestExecutionListener, org.springframework.test.context.jdbc.SqlScriptsTestExecutionListener]
22:35:18.571 [Test worker] INFO org.springframework.boot.test.context.SpringBootTestContextBootstrapper - Could not instantiate TestExecutionListener [org.springframework.test.context.jdbc.SqlScriptsTestExecutionListener]. Specify custom listener classes or make the default listener classes (and their required dependencies) available. Offending class: [org/springframework/transaction/interceptor/TransactionAttribute]
22:35:18.573 [Test worker] INFO org.springframework.boot.test.context.SpringBootTestContextBootstrapper - Could not instantiate TestExecutionListener [org.springframework.test.context.transaction.TransactionalTestExecutionListener]. Specify custom listener classes or make the default listener classes (and their required dependencies) available. Offending class: [org/springframework/transaction/interceptor/TransactionAttributeSource]
22:35:18.575 [Test worker] INFO org.springframework.boot.test.context.SpringBootTestContextBootstrapper - Using TestExecutionListeners: [org.springframework.test.context.web.ServletTestExecutionListener@138581b9, org.springframework.test.context.support.DirtiesContextBeforeModesTestExecutionListener@3375a334, org.springframework.boot.test.autoconfigure.SpringBootDependencyInjectionTestExecutionListener@6551ef26, org.springframework.test.context.support.DirtiesContextTestExecutionListener@2445d6e0, org.springframework.boot.test.mock.mockito.ResetMocksTestExecutionListener@1b721398, org.springframework.boot.test.autoconfigure.web.servlet.WebDriverTestExecutionListener@5806fc1, org.springframework.boot.test.autoconfigure.restdocs.RestDocsTestExecutionListener@6f429888, org.springframework.boot.test.autoconfigure.web.servlet.MockMvcPrintOnlyOnFailureTestExecutionListener@65baa156, org.springframework.boot.test.autoconfigure.web.client.MockRestServiceServerResetTestExecutionListener@6e5f80aa, org.springframework.boot.test.mock.mockito.MockitoTestExecutionListener@68a704c7]
22:35:18.578 [Test worker] DEBUG org.springframework.test.annotation.ProfileValueUtils - Retrieved @ProfileValueSourceConfiguration [null] for test class [eh3.uc.edu.LincsProteomicsLandingPageFinalApplicationTests]
22:35:18.579 [Test worker] DEBUG org.springframework.test.annotation.ProfileValueUtils - Retrieved ProfileValueSource type [class org.springframework.test.annotation.SystemProfileValueSource] for class [eh3.uc.edu.LincsProteomicsLandingPageFinalApplicationTests]
22:35:18.580 [Test worker] DEBUG org.springframework.test.annotation.ProfileValueUtils - Retrieved @ProfileValueSourceConfiguration [null] for test class [eh3.uc.edu.LincsProteomicsLandingPageFinalApplicationTests]
22:35:18.580 [Test worker] DEBUG org.springframework.test.annotation.ProfileValueUtils - Retrieved ProfileValueSource type [class org.springframework.test.annotation.SystemProfileValueSource] for class [eh3.uc.edu.LincsProteomicsLandingPageFinalApplicationTests]
22:35:18.584 [Test worker] DEBUG org.springframework.test.context.support.AbstractDirtiesContextTestExecutionListener - Before test class: context [DefaultTestContext@49c1e3c0 testClass = LincsProteomicsLandingPageFinalApplicationTests, testInstance = [null], testMethod = [null], testException = [null], mergedContextConfiguration = [WebMergedContextConfiguration@5e9363e6 testClass = LincsProteomicsLandingPageFinalApplicationTests, locations = '{}', classes = '{class eh3.uc.edu.LincsProteomicsLandingPageFinalApplication}', contextInitializerClasses = '[]', activeProfiles = '{}', propertySourceLocations = '{}', propertySourceProperties = '{org.springframework.boot.test.context.SpringBootTestContextBootstrapper=true}', contextCustomizers = set[org.springframework.boot.test.autoconfigure.properties.PropertyMappingContextCustomizer@0, org.springframework.boot.test.autoconfigure.web.servlet.WebDriverContextCustomizerFactory$Customizer@47da5bf8, org.springframework.boot.test.context.SpringBootTestContextCustomizer@725a1523, org.springframework.boot.test.context.filter.ExcludeFilterContextCustomizer@2833ea2d, org.springframework.boot.test.mock.mockito.MockitoContextCustomizer@0], resourceBasePath = 'src/main/webapp', contextLoader = 'org.springframework.boot.test.context.SpringBootContextLoader', parent = [null]]], class annotated with @DirtiesContext [false] with mode [null].
22:35:18.585 [Test worker] DEBUG org.springframework.test.annotation.ProfileValueUtils - Retrieved @ProfileValueSourceConfiguration [null] for test class [eh3.uc.edu.LincsProteomicsLandingPageFinalApplicationTests]
22:35:18.585 [Test worker] DEBUG org.springframework.test.annotation.ProfileValueUtils - Retrieved ProfileValueSource type [class org.springframework.test.annotation.SystemProfileValueSource] for class [eh3.uc.edu.LincsProteomicsLandingPageFinalApplicationTests]
22:35:18.642 [Test worker] DEBUG org.springframework.core.env.StandardEnvironment - Adding [systemProperties] PropertySource with lowest search precedence
22:35:18.642 [Test worker] DEBUG org.springframework.core.env.StandardEnvironment - Adding [systemEnvironment] PropertySource with lowest search precedence
22:35:18.643 [Test worker] DEBUG org.springframework.core.env.StandardEnvironment - Initialized StandardEnvironment with PropertySources [systemProperties,systemEnvironment]
22:35:18.644 [Test worker] DEBUG org.springframework.core.env.MutablePropertySources - Adding [inline] PropertySource with highest search precedence
22:35:18.650 [Test worker] DEBUG org.springframework.test.context.support.TestPropertySourceUtils - Adding inlined properties to environment: {spring.jmx.enabled=false, org.springframework.boot.test.context.SpringBootTestContextBootstrapper=true, server.port=-1}
22:35:18.651 [Test worker] DEBUG org.springframework.core.env.StandardEnvironment - Adding [Inlined Test Properties] PropertySource with highest search precedence

  .   ____          _            __ _ _
 /\\ / ___'_ __ _ _(_)_ __  __ _ \ \ \ \
( ( )\___ | '_ | '_| | '_ \/ _` | \ \ \ \
 \\/  ___)| |_)| | | | | || (_| |  ) ) ) )
  '  |____| .__|_| |_|_| |_\__, | / / / /
 =========|_|==============|___/=/_/_/_/
 :: Spring Boot ::        (v1.5.3.RELEASE)

2017-10-23 22:35:19.312  INFO 39288 --- [    Test worker] oteomicsLandingPageFinalApplicationTests : Starting LincsProteomicsLandingPageFinalApplicationTests on EH1062.local with PID 39288 (started by shamsabz in /Users/shamsabz/Dropbox/LINCS-Proteomics-Landing-Page)
2017-10-23 22:35:19.313  INFO 39288 --- [    Test worker] oteomicsLandingPageFinalApplicationTests : No active profile set, falling back to default profiles: default
2017-10-23 22:35:19.341  INFO 39288 --- [    Test worker] o.s.w.c.s.GenericWebApplicationContext   : Refreshing org.springframework.web.context.support.GenericWebApplicationContext@69ad1480: startup date [Mon Oct 23 22:35:19 EDT 2017]; root of context hierarchy
2017-10-23 22:35:20.633  INFO 39288 --- [    Test worker] s.w.s.m.m.a.RequestMappingHandlerAdapter : Looking for @ControllerAdvice: org.springframework.web.context.support.GenericWebApplicationContext@69ad1480: startup date [Mon Oct 23 22:35:19 EDT 2017]; root of context hierarchy
2017-10-23 22:35:20.696  INFO 39288 --- [    Test worker] s.w.s.m.m.a.RequestMappingHandlerMapping : Mapped "{[/api/sendEmail/{text}],methods=[GET]}" onto public void eh3.uc.edu.controller.RestAPI.sendEmail(java.lang.String) throws javax.mail.MessagingException
2017-10-23 22:35:20.697  INFO 39288 --- [    Test worker] s.w.s.m.m.a.RequestMappingHandlerMapping : Mapped "{[/api/test/{notation}],methods=[GET]}" onto public java.lang.String eh3.uc.edu.controller.RestAPI.parseTest(java.lang.String)
2017-10-23 22:35:20.700  INFO 39288 --- [    Test worker] s.w.s.m.m.a.RequestMappingHandlerMapping : Mapped "{[/error]}" onto public org.springframework.http.ResponseEntity<java.util.Map<java.lang.String, java.lang.Object>> org.springframework.boot.autoconfigure.web.BasicErrorController.error(javax.servlet.http.HttpServletRequest)
2017-10-23 22:35:20.700  INFO 39288 --- [    Test worker] s.w.s.m.m.a.RequestMappingHandlerMapping : Mapped "{[/error],produces=[text/html]}" onto public org.springframework.web.servlet.ModelAndView org.springframework.boot.autoconfigure.web.BasicErrorController.errorHtml(javax.servlet.http.HttpServletRequest,javax.servlet.http.HttpServletResponse)
2017-10-23 22:35:20.728  INFO 39288 --- [    Test worker] o.s.w.s.handler.SimpleUrlHandlerMapping  : Mapped URL path [/webjars/**] onto handler of type [class org.springframework.web.servlet.resource.ResourceHttpRequestHandler]
2017-10-23 22:35:20.728  INFO 39288 --- [    Test worker] o.s.w.s.handler.SimpleUrlHandlerMapping  : Mapped URL path [/**] onto handler of type [class org.springframework.web.servlet.resource.ResourceHttpRequestHandler]
2017-10-23 22:35:20.767  INFO 39288 --- [    Test worker] o.s.w.s.handler.SimpleUrlHandlerMapping  : Mapped URL path [/**/favicon.ico] onto handler of type [class org.springframework.web.servlet.resource.ResourceHttpRequestHandler]
2017-10-23 22:35:20.793  INFO 39288 --- [    Test worker] oConfiguration$WelcomePageHandlerMapping : Adding welcome page: ServletContext resource [/index.html]
2017-10-23 22:35:20.936  INFO 39288 --- [    Test worker] oteomicsLandingPageFinalApplicationTests : Started LincsProteomicsLandingPageFinalApplicationTests in 2.276 seconds (JVM running for 3.133)
]]></system-out>
  <system-err><![CDATA[]]></system-err>
</testsuite>
