<?xml version="1.0" encoding="UTF-8"?>
<testsuite name="eh3.uc.edu.LincsProteomicsLandingPageFinalApplicationTests" tests="1" skipped="0" failures="0" errors="0" timestamp="2018-04-05T18:22:54" hostname="eh1062.wifi.uc.edu" time="0.027">
  <properties/>
  <testcase name="contextLoads" classname="eh3.uc.edu.LincsProteomicsLandingPageFinalApplicationTests" time="0.027"/>
  <system-out><![CDATA[14:22:51.539 [Test worker] DEBUG org.springframework.test.context.junit4.SpringJUnit4ClassRunner - SpringJUnit4ClassRunner constructor called with [class eh3.uc.edu.LincsProteomicsLandingPageFinalApplicationTests]
14:22:51.545 [Test worker] DEBUG org.springframework.test.context.BootstrapUtils - Instantiating CacheAwareContextLoaderDelegate from class [org.springframework.test.context.cache.DefaultCacheAwareContextLoaderDelegate]
14:22:51.552 [Test worker] DEBUG org.springframework.test.context.BootstrapUtils - Instantiating BootstrapContext using constructor [public org.springframework.test.context.support.DefaultBootstrapContext(java.lang.Class,org.springframework.test.context.CacheAwareContextLoaderDelegate)]
14:22:51.566 [Test worker] DEBUG org.springframework.test.context.BootstrapUtils - Instantiating TestContextBootstrapper for test class [eh3.uc.edu.LincsProteomicsLandingPageFinalApplicationTests] from class [org.springframework.boot.test.context.SpringBootTestContextBootstrapper]
14:22:51.580 [Test worker] INFO org.springframework.boot.test.context.SpringBootTestContextBootstrapper - Neither @ContextConfiguration nor @ContextHierarchy found for test class [eh3.uc.edu.LincsProteomicsLandingPageFinalApplicationTests], using SpringBootContextLoader
14:22:51.584 [Test worker] DEBUG org.springframework.test.context.support.AbstractContextLoader - Did not detect default resource location for test class [eh3.uc.edu.LincsProteomicsLandingPageFinalApplicationTests]: class path resource [eh3/uc/edu/LincsProteomicsLandingPageFinalApplicationTests-context.xml] does not exist
14:22:51.584 [Test worker] DEBUG org.springframework.test.context.support.AbstractContextLoader - Did not detect default resource location for test class [eh3.uc.edu.LincsProteomicsLandingPageFinalApplicationTests]: class path resource [eh3/uc/edu/LincsProteomicsLandingPageFinalApplicationTestsContext.groovy] does not exist
14:22:51.585 [Test worker] INFO org.springframework.test.context.support.AbstractContextLoader - Could not detect default resource locations for test class [eh3.uc.edu.LincsProteomicsLandingPageFinalApplicationTests]: no resource found for suffixes {-context.xml, Context.groovy}.
14:22:51.586 [Test worker] INFO org.springframework.test.context.support.AnnotationConfigContextLoaderUtils - Could not detect default configuration classes for test class [eh3.uc.edu.LincsProteomicsLandingPageFinalApplicationTests]: LincsProteomicsLandingPageFinalApplicationTests does not declare any static, non-private, non-final, nested classes annotated with @Configuration.
14:22:51.623 [Test worker] DEBUG org.springframework.test.context.support.ActiveProfilesUtils - Could not find an 'annotation declaring class' for annotation type [org.springframework.test.context.ActiveProfiles] and class [eh3.uc.edu.LincsProteomicsLandingPageFinalApplicationTests]
14:22:51.633 [Test worker] DEBUG org.springframework.core.env.StandardEnvironment - Adding [systemProperties] PropertySource with lowest search precedence
14:22:51.634 [Test worker] DEBUG org.springframework.core.env.StandardEnvironment - Adding [systemEnvironment] PropertySource with lowest search precedence
14:22:51.634 [Test worker] DEBUG org.springframework.core.env.StandardEnvironment - Initialized StandardEnvironment with PropertySources [systemProperties,systemEnvironment]
14:22:51.646 [Test worker] DEBUG org.springframework.core.io.support.PathMatchingResourcePatternResolver - Resolved classpath location [eh3/uc/edu/] to resources [URL [file:/Users/shamsabz/Dropbox%20(UC-LINCS)/LINCS-Proteomics-Landing-Page/build/classes/java/test/eh3/uc/edu/], URL [file:/Users/shamsabz/Dropbox%20(UC-LINCS)/LINCS-Proteomics-Landing-Page/build/classes/java/main/eh3/uc/edu/]]
14:22:51.646 [Test worker] DEBUG org.springframework.core.io.support.PathMatchingResourcePatternResolver - Looking for matching resources in directory tree [/Users/shamsabz/Dropbox (UC-LINCS)/LINCS-Proteomics-Landing-Page/build/classes/java/test/eh3/uc/edu]
14:22:51.647 [Test worker] DEBUG org.springframework.core.io.support.PathMatchingResourcePatternResolver - Searching directory [/Users/shamsabz/Dropbox (UC-LINCS)/LINCS-Proteomics-Landing-Page/build/classes/java/test/eh3/uc/edu] for files matching pattern [/Users/shamsabz/Dropbox (UC-LINCS)/LINCS-Proteomics-Landing-Page/build/classes/java/test/eh3/uc/edu/*.class]
14:22:51.650 [Test worker] DEBUG org.springframework.core.io.support.PathMatchingResourcePatternResolver - Looking for matching resources in directory tree [/Users/shamsabz/Dropbox (UC-LINCS)/LINCS-Proteomics-Landing-Page/build/classes/java/main/eh3/uc/edu]
14:22:51.650 [Test worker] DEBUG org.springframework.core.io.support.PathMatchingResourcePatternResolver - Searching directory [/Users/shamsabz/Dropbox (UC-LINCS)/LINCS-Proteomics-Landing-Page/build/classes/java/main/eh3/uc/edu] for files matching pattern [/Users/shamsabz/Dropbox (UC-LINCS)/LINCS-Proteomics-Landing-Page/build/classes/java/main/eh3/uc/edu/*.class]
14:22:51.651 [Test worker] DEBUG org.springframework.core.io.support.PathMatchingResourcePatternResolver - Resolved location pattern [classpath*:eh3/uc/edu/*.class] to resources [file [/Users/shamsabz/Dropbox (UC-LINCS)/LINCS-Proteomics-Landing-Page/build/classes/java/test/eh3/uc/edu/LincsProteomicsLandingPageFinalApplicationTests.class], file [/Users/shamsabz/Dropbox (UC-LINCS)/LINCS-Proteomics-Landing-Page/build/classes/java/main/eh3/uc/edu/LincsProteomicsLandingPageFinalApplication.class]]
14:22:51.700 [Test worker] DEBUG org.springframework.context.annotation.ClassPathScanningCandidateComponentProvider - Identified candidate component class: file [/Users/shamsabz/Dropbox (UC-LINCS)/LINCS-Proteomics-Landing-Page/build/classes/java/main/eh3/uc/edu/LincsProteomicsLandingPageFinalApplication.class]
14:22:51.702 [Test worker] INFO org.springframework.boot.test.context.SpringBootTestContextBootstrapper - Found @SpringBootConfiguration eh3.uc.edu.LincsProteomicsLandingPageFinalApplication for test class eh3.uc.edu.LincsProteomicsLandingPageFinalApplicationTests
14:22:51.706 [Test worker] DEBUG org.springframework.boot.test.context.SpringBootTestContextBootstrapper - @TestExecutionListeners is not present for class [eh3.uc.edu.LincsProteomicsLandingPageFinalApplicationTests]: using defaults.
14:22:51.710 [Test worker] INFO org.springframework.boot.test.context.SpringBootTestContextBootstrapper - Loaded default TestExecutionListener class names from location [META-INF/spring.factories]: [org.springframework.boot.test.autoconfigure.restdocs.RestDocsTestExecutionListener, org.springframework.boot.test.autoconfigure.web.client.MockRestServiceServerResetTestExecutionListener, org.springframework.boot.test.autoconfigure.web.servlet.MockMvcPrintOnlyOnFailureTestExecutionListener, org.springframework.boot.test.autoconfigure.web.servlet.WebDriverTestExecutionListener, org.springframework.boot.test.mock.mockito.MockitoTestExecutionListener, org.springframework.boot.test.mock.mockito.ResetMocksTestExecutionListener, org.springframework.test.context.web.ServletTestExecutionListener, org.springframework.test.context.support.DirtiesContextBeforeModesTestExecutionListener, org.springframework.test.context.support.DependencyInjectionTestExecutionListener, org.springframework.test.context.support.DirtiesContextTestExecutionListener, org.springframework.test.context.transaction.TransactionalTestExecutionListener, org.springframework.test.context.jdbc.SqlScriptsTestExecutionListener]
14:22:51.723 [Test worker] INFO org.springframework.boot.test.context.SpringBootTestContextBootstrapper - Could not instantiate TestExecutionListener [org.springframework.test.context.transaction.TransactionalTestExecutionListener]. Specify custom listener classes or make the default listener classes (and their required dependencies) available. Offending class: [org/springframework/transaction/interceptor/TransactionAttributeSource]
14:22:51.724 [Test worker] INFO org.springframework.boot.test.context.SpringBootTestContextBootstrapper - Could not instantiate TestExecutionListener [org.springframework.test.context.jdbc.SqlScriptsTestExecutionListener]. Specify custom listener classes or make the default listener classes (and their required dependencies) available. Offending class: [org/springframework/transaction/interceptor/TransactionAttribute]
14:22:51.726 [Test worker] INFO org.springframework.boot.test.context.SpringBootTestContextBootstrapper - Using TestExecutionListeners: [org.springframework.test.context.web.ServletTestExecutionListener@6a5a42e0, org.springframework.test.context.support.DirtiesContextBeforeModesTestExecutionListener@77e494ff, org.springframework.boot.test.autoconfigure.SpringBootDependencyInjectionTestExecutionListener@47abcd38, org.springframework.test.context.support.DirtiesContextTestExecutionListener@61a969f8, org.springframework.boot.test.autoconfigure.web.client.MockRestServiceServerResetTestExecutionListener@59dc6a6f, org.springframework.boot.test.autoconfigure.web.servlet.WebDriverTestExecutionListener@acc4ec7, org.springframework.boot.test.mock.mockito.MockitoTestExecutionListener@139780ab, org.springframework.boot.test.autoconfigure.web.servlet.MockMvcPrintOnlyOnFailureTestExecutionListener@395bdd88, org.springframework.boot.test.autoconfigure.restdocs.RestDocsTestExecutionListener@36e57de, org.springframework.boot.test.mock.mockito.ResetMocksTestExecutionListener@6bbc9b02]
14:22:51.729 [Test worker] DEBUG org.springframework.test.annotation.ProfileValueUtils - Retrieved @ProfileValueSourceConfiguration [null] for test class [eh3.uc.edu.LincsProteomicsLandingPageFinalApplicationTests]
14:22:51.730 [Test worker] DEBUG org.springframework.test.annotation.ProfileValueUtils - Retrieved ProfileValueSource type [class org.springframework.test.annotation.SystemProfileValueSource] for class [eh3.uc.edu.LincsProteomicsLandingPageFinalApplicationTests]
14:22:51.730 [Test worker] DEBUG org.springframework.test.annotation.ProfileValueUtils - Retrieved @ProfileValueSourceConfiguration [null] for test class [eh3.uc.edu.LincsProteomicsLandingPageFinalApplicationTests]
14:22:51.731 [Test worker] DEBUG org.springframework.test.annotation.ProfileValueUtils - Retrieved ProfileValueSource type [class org.springframework.test.annotation.SystemProfileValueSource] for class [eh3.uc.edu.LincsProteomicsLandingPageFinalApplicationTests]
14:22:51.736 [Test worker] DEBUG org.springframework.test.context.support.AbstractDirtiesContextTestExecutionListener - Before test class: context [DefaultTestContext@5c522a5 testClass = LincsProteomicsLandingPageFinalApplicationTests, testInstance = [null], testMethod = [null], testException = [null], mergedContextConfiguration = [WebMergedContextConfiguration@514748ff testClass = LincsProteomicsLandingPageFinalApplicationTests, locations = '{}', classes = '{class eh3.uc.edu.LincsProteomicsLandingPageFinalApplication}', contextInitializerClasses = '[]', activeProfiles = '{}', propertySourceLocations = '{}', propertySourceProperties = '{org.springframework.boot.test.context.SpringBootTestContextBootstrapper=true}', contextCustomizers = set[org.springframework.boot.test.autoconfigure.properties.PropertyMappingContextCustomizer@0, org.springframework.boot.test.autoconfigure.web.servlet.WebDriverContextCustomizerFactory$Customizer@1a47d9cf, org.springframework.boot.test.context.SpringBootTestContextCustomizer@620b023b, org.springframework.boot.test.context.filter.ExcludeFilterContextCustomizer@76b9b6a8, org.springframework.boot.test.mock.mockito.MockitoContextCustomizer@0], resourceBasePath = 'src/main/webapp', contextLoader = 'org.springframework.boot.test.context.SpringBootContextLoader', parent = [null]]], class annotated with @DirtiesContext [false] with mode [null].
14:22:51.737 [Test worker] DEBUG org.springframework.test.annotation.ProfileValueUtils - Retrieved @ProfileValueSourceConfiguration [null] for test class [eh3.uc.edu.LincsProteomicsLandingPageFinalApplicationTests]
14:22:51.737 [Test worker] DEBUG org.springframework.test.annotation.ProfileValueUtils - Retrieved ProfileValueSource type [class org.springframework.test.annotation.SystemProfileValueSource] for class [eh3.uc.edu.LincsProteomicsLandingPageFinalApplicationTests]
14:22:51.797 [Test worker] DEBUG org.springframework.core.env.StandardEnvironment - Adding [systemProperties] PropertySource with lowest search precedence
14:22:51.797 [Test worker] DEBUG org.springframework.core.env.StandardEnvironment - Adding [systemEnvironment] PropertySource with lowest search precedence
14:22:51.797 [Test worker] DEBUG org.springframework.core.env.StandardEnvironment - Initialized StandardEnvironment with PropertySources [systemProperties,systemEnvironment]
14:22:51.798 [Test worker] DEBUG org.springframework.core.env.MutablePropertySources - Adding [inline] PropertySource with highest search precedence
14:22:51.803 [Test worker] DEBUG org.springframework.test.context.support.TestPropertySourceUtils - Adding inlined properties to environment: {spring.jmx.enabled=false, org.springframework.boot.test.context.SpringBootTestContextBootstrapper=true, server.port=-1}
14:22:51.803 [Test worker] DEBUG org.springframework.core.env.StandardEnvironment - Adding [Inlined Test Properties] PropertySource with highest search precedence

  .   ____          _            __ _ _
 /\\ / ___'_ __ _ _(_)_ __  __ _ \ \ \ \
( ( )\___ | '_ | '_| | '_ \/ _` | \ \ \ \
 \\/  ___)| |_)| | | | | || (_| |  ) ) ) )
  '  |____| .__|_| |_|_| |_\__, | / / / /
 =========|_|==============|___/=/_/_/_/
 :: Spring Boot ::        (v1.5.3.RELEASE)

2018-04-05 14:22:52.213  INFO 23553 --- [    Test worker] oteomicsLandingPageFinalApplicationTests : Starting LincsProteomicsLandingPageFinalApplicationTests on eh1062.wifi.uc.edu with PID 23553 (started by shamsabz in /Users/shamsabz/Dropbox (UC-LINCS)/LINCS-Proteomics-Landing-Page)
2018-04-05 14:22:52.215  INFO 23553 --- [    Test worker] oteomicsLandingPageFinalApplicationTests : No active profile set, falling back to default profiles: default
2018-04-05 14:22:52.248  INFO 23553 --- [    Test worker] o.s.w.c.s.GenericWebApplicationContext   : Refreshing org.springframework.web.context.support.GenericWebApplicationContext@5011ee27: startup date [Thu Apr 05 14:22:52 EDT 2018]; root of context hierarchy
2018-04-05 14:22:54.121  INFO 23553 --- [    Test worker] s.w.s.m.m.a.RequestMappingHandlerAdapter : Looking for @ControllerAdvice: org.springframework.web.context.support.GenericWebApplicationContext@5011ee27: startup date [Thu Apr 05 14:22:52 EDT 2018]; root of context hierarchy
2018-04-05 14:22:54.206  INFO 23553 --- [    Test worker] s.w.s.m.m.a.RequestMappingHandlerMapping : Mapped "{[/api/sendEmail/{text}],methods=[GET]}" onto public void eh3.uc.edu.controller.RestAPI.sendEmail(java.lang.String) throws javax.mail.MessagingException
2018-04-05 14:22:54.207  INFO 23553 --- [    Test worker] s.w.s.m.m.a.RequestMappingHandlerMapping : Mapped "{[/api/test/{notation}],methods=[GET]}" onto public java.lang.String eh3.uc.edu.controller.RestAPI.parseTest(java.lang.String)
2018-04-05 14:22:54.211  INFO 23553 --- [    Test worker] s.w.s.m.m.a.RequestMappingHandlerMapping : Mapped "{[/error]}" onto public org.springframework.http.ResponseEntity<java.util.Map<java.lang.String, java.lang.Object>> org.springframework.boot.autoconfigure.web.BasicErrorController.error(javax.servlet.http.HttpServletRequest)
2018-04-05 14:22:54.212  INFO 23553 --- [    Test worker] s.w.s.m.m.a.RequestMappingHandlerMapping : Mapped "{[/error],produces=[text/html]}" onto public org.springframework.web.servlet.ModelAndView org.springframework.boot.autoconfigure.web.BasicErrorController.errorHtml(javax.servlet.http.HttpServletRequest,javax.servlet.http.HttpServletResponse)
2018-04-05 14:22:54.244  INFO 23553 --- [    Test worker] o.s.w.s.handler.SimpleUrlHandlerMapping  : Mapped URL path [/webjars/**] onto handler of type [class org.springframework.web.servlet.resource.ResourceHttpRequestHandler]
2018-04-05 14:22:54.244  INFO 23553 --- [    Test worker] o.s.w.s.handler.SimpleUrlHandlerMapping  : Mapped URL path [/**] onto handler of type [class org.springframework.web.servlet.resource.ResourceHttpRequestHandler]
2018-04-05 14:22:54.292  INFO 23553 --- [    Test worker] o.s.w.s.handler.SimpleUrlHandlerMapping  : Mapped URL path [/**/favicon.ico] onto handler of type [class org.springframework.web.servlet.resource.ResourceHttpRequestHandler]
2018-04-05 14:22:54.325  INFO 23553 --- [    Test worker] oConfiguration$WelcomePageHandlerMapping : Adding welcome page: ServletContext resource [/index.html]
2018-04-05 14:22:54.513  INFO 23553 --- [    Test worker] oteomicsLandingPageFinalApplicationTests : Started LincsProteomicsLandingPageFinalApplicationTests in 2.698 seconds (JVM running for 3.626)
]]></system-out>
  <system-err><![CDATA[]]></system-err>
</testsuite>
